<?xml version="1.0" encoding="UTF-8"?>
<testsuite xmlns:xsi="http://www.w3.org/2001/XMLSchema-instance" xsi:noNamespaceSchemaLocation="https://maven.apache.org/surefire/maven-surefire-plugin/xsd/surefire-test-report-3.0.xsd" version="3.0" name="com.programming.Book.UserTest" time="0.11" tests="45" errors="0" skipped="0" failures="0">
  <properties>
[...]
</properties>
  <testcase name="testUserCreationWithNullUserIds(String)[1]" classname="com.programming.Book.UserTest" time="0.016"/>
  <testcase name="testUserCreationWithNullUserIds(String)[2]" classname="com.programming.Book.UserTest" time="0.0"/>
  <testcase name="testUserCreationWithNullUserIds(String)[3]" classname="com.programming.Book.UserTest" time="0.0"/>
  <testcase name="testUserCreationWithNullUserIds(String)[4]" classname="com.programming.Book.UserTest" time="0.0"/>
  <testcase name="testUserCreationWithNullUserIds(String)[5]" classname="com.programming.Book.UserTest" time="0.0"/>
  <testcase name="testUserCreationWithNullUserIds(String)[6]" classname="com.programming.Book.UserTest" time="0.015"/>
  <testcase name="testUserCreationWithNullUserIds(String)[7]" classname="com.programming.Book.UserTest" time="0.0"/>
  <testcase name="testUserCreationWithNullUserIds(String)[8]" classname="com.programming.Book.UserTest" time="0.0"/>
  <testcase name="testUserCreationWithNullUserIds(String)[9]" classname="com.programming.Book.UserTest" time="0.0"/>
  <testcase name="testUserCreationWithNullUserIds(String)[10]" classname="com.programming.Book.UserTest" time="0.0"/>
  <testcase name="testUserCreationWithNullUserIds(String)[11]" classname="com.programming.Book.UserTest" time="0.0"/>
  <testcase name="testUserCreationWithNullUserIds(String)[12]" classname="com.programming.Book.UserTest" time="0.0"/>
  <testcase name="testUserCreationWithNullUserIds(String)[13]" classname="com.programming.Book.UserTest" time="0.0"/>
  <testcase name="testUserCreationWithNullUserIds(String)[14]" classname="com.programming.Book.UserTest" time="0.0"/>
  <testcase name="testUserCreationWithNullUserIds(String)[15]" classname="com.programming.Book.UserTest" time="0.0"/>
  <testcase name="testUserCreationWithNullUserIds(String)[16]" classname="com.programming.Book.UserTest" time="0.0"/>
  <testcase name="testUserCreationWithNullUserIds(String)[17]" classname="com.programming.Book.UserTest" time="0.0"/>
  <testcase name="testUserCreationWithNullUserIds(String)[18]" classname="com.programming.Book.UserTest" time="0.0"/>
  <testcase name="testUserCreationWithNullUserIds(String)[19]" classname="com.programming.Book.UserTest" time="0.0"/>
  <testcase name="testUserCreationWithNullUserIds(String)[20]" classname="com.programming.Book.UserTest" time="0.0"/>
  <testcase name="testUserCreationWithNullUserIds(String)[21]" classname="com.programming.Book.UserTest" time="0.0"/>
  <testcase name="testUserCreationWithNullUserIds(String)[22]" classname="com.programming.Book.UserTest" time="0.0"/>
  <testcase name="testUserCreationWithNullUserIds(String)[23]" classname="com.programming.Book.UserTest" time="0.0"/>
  <testcase name="testUserCreationWithNullUserIds(String)[24]" classname="com.programming.Book.UserTest" time="0.0"/>
  <testcase name="testUserCreationWithNullUserIds(String)[25]" classname="com.programming.Book.UserTest" time="0.002"/>
  <testcase name="testUserCreationWithNullUserIds(String)[26]" classname="com.programming.Book.UserTest" time="0.0"/>
  <testcase name="testUserCreationWithNullUserIds(String)[27]" classname="com.programming.Book.UserTest" time="0.0"/>
  <testcase name="testUserCreationWithNullUserIds(String)[28]" classname="com.programming.Book.UserTest" time="0.0"/>
  <testcase name="testUserCreationWithNullUserIds(String)[29]" classname="com.programming.Book.UserTest" time="0.0"/>
  <testcase name="testUserCreationWithNullUserIds(String)[30]" classname="com.programming.Book.UserTest" time="0.0"/>
  <testcase name="testUserCreationWithNullUserIds(String)[31]" classname="com.programming.Book.UserTest" time="0.0"/>
  <testcase name="testUserCreationWithNullUserIds(String)[32]" classname="com.programming.Book.UserTest" time="0.0"/>
  <testcase name="testUserCreationWithNullUserIds(String)[33]" classname="com.programming.Book.UserTest" time="0.0"/>
  <testcase name="testUserCreationWithNullUserIds(String)[34]" classname="com.programming.Book.UserTest" time="0.0"/>
  <testcase name="testUserCreationWithNullUserIds(String)[35]" classname="com.programming.Book.UserTest" time="0.0"/>
  <testcase name="testUserCreationWithNullUserIds(String)[36]" classname="com.programming.Book.UserTest" time="0.0"/>
  <testcase name="testUserCreationWithNullUserIds(String)[37]" classname="com.programming.Book.UserTest" time="0.0"/>
  <testcase name="testUserCreationWithNullUserIds(String)[38]" classname="com.programming.Book.UserTest" time="0.0"/>
  <testcase name="testUserCreationWithNullUserIds(String)[39]" classname="com.programming.Book.UserTest" time="0.0"/>
  <testcase name="testUserCreationWithNullUserIds(String)[40]" classname="com.programming.Book.UserTest" time="0.0"/>
  <testcase name="testUserCreationWithEmptyName" classname="com.programming.Book.UserTest" time="0.016"/>
  <testcase name="testUserCreationWithNullName" classname="com.programming.Book.UserTest" time="0.0"/>
  <testcase name="testUserCreationValid" classname="com.programming.Book.UserTest" time="0.0"/>
  <testcase name="testUserCreationWithNullUserId" classname="com.programming.Book.UserTest" time="0.0"/>
  <testcase name="testUserCreationWithEmptyUserId" classname="com.programming.Book.UserTest" time="0.0"/>
</testsuite>